Determining if the pthread_create exist failed with the following output:
Change Dir: /home/alex/TP-MAIL/CPP1/PROJ/Net/cmake-build-debug/CMakeFiles/CMakeTmp

Run Build Command:"/usr/bin/make" "cmTC_c1bc6/fast"
/usr/bin/make -f CMakeFiles/cmTC_c1bc6.dir/build.make CMakeFiles/cmTC_c1bc6.dir/build
make[1]: вход в каталог «/home/alex/TP-MAIL/CPP1/PROJ/Net/cmake-build-debug/CMakeFiles/CMakeTmp»
Building C object CMakeFiles/cmTC_c1bc6.dir/CheckSymbolExists.c.o
/usr/bin/cc    -o CMakeFiles/cmTC_c1bc6.dir/CheckSymbolExists.c.o   -c /home/alex/TP-MAIL/CPP1/PROJ/Net/cmake-build-debug/CMakeFiles/CMakeTmp/CheckSymbolExists.c
Linking C executable cmTC_c1bc6
/home/alex/clion-2017.3.4/bin/cmake/bin/cmake -E cmake_link_script CMakeFiles/cmTC_c1bc6.dir/link.txt --verbose=1
/usr/bin/cc      CMakeFiles/cmTC_c1bc6.dir/CheckSymbolExists.c.o  -o cmTC_c1bc6 
CMakeFiles/cmTC_c1bc6.dir/CheckSymbolExists.c.o: In function `main':
CheckSymbolExists.c:(.text+0x1b): undefined reference to `pthread_create'
collect2: error: ld returned 1 exit status
CMakeFiles/cmTC_c1bc6.dir/build.make:97: recipe for target 'cmTC_c1bc6' failed
make[1]: *** [cmTC_c1bc6] Error 1
make[1]: выход из каталога «/home/alex/TP-MAIL/CPP1/PROJ/Net/cmake-build-debug/CMakeFiles/CMakeTmp»
Makefile:126: recipe for target 'cmTC_c1bc6/fast' failed
make: *** [cmTC_c1bc6/fast] Error 2

File /home/alex/TP-MAIL/CPP1/PROJ/Net/cmake-build-debug/CMakeFiles/CMakeTmp/CheckSymbolExists.c:
/* */
#include <pthread.h>

int main(int argc, char** argv)
{
  (void)argv;
#ifndef pthread_create
  return ((int*)(&pthread_create))[argc];
#else
  (void)argc;
  return 0;
#endif
}

